
Showing logs for build [32mzeebe-io-zeebe-operate-helm-mas-lgkzd-2[0m stage [32mfrom-build-pack[0m and container [32mstep-credential-initializer-m45p6[0m
{"level":"info","ts":1592228337.1355531,"logger":"fallback-logger","caller":"logging/config.go:69","msg":"Fetch GitHub commit ID from kodata failed: open /var/run/ko/refs/heads/0.8.0-ns-support: no such file or directory"}
{"level":"info","ts":1592228337.1360393,"logger":"fallback-logger","caller":"creds-init/main.go:40","msg":"Credentials initialized."}

Showing logs for build [32mzeebe-io-zeebe-operate-helm-mas-lgkzd-2[0m stage [32mfrom-build-pack[0m and container [32mstep-working-dir-initializer-dkstt[0m
{"level":"info","ts":1592228338.1380749,"logger":"fallback-logger","caller":"logging/config.go:69","msg":"Fetch GitHub commit ID from kodata failed: open /var/run/ko/HEAD: no such file or directory"}
{"level":"info","ts":1592228338.1414845,"logger":"fallback-logger","caller":"bash/main.go:64","msg":"Successfully executed command \"sh -c mkdir -p /workspace/source\"; output "}

Showing logs for build [32mzeebe-io-zeebe-operate-helm-mas-lgkzd-2[0m stage [32mfrom-build-pack[0m and container [32mstep-place-tools[0m

Showing logs for build [32mzeebe-io-zeebe-operate-helm-mas-lgkzd-2[0m stage [32mfrom-build-pack[0m and container [32mstep-git-source-zeebe-io-zeebe-operate-helm-mas-lgkzd-zjfb4[0m
{"level":"info","ts":1592228344.220085,"logger":"fallback-logger","caller":"logging/config.go:69","msg":"Fetch GitHub commit ID from kodata failed: open /var/run/ko/refs/heads/0.8.0-ns-support: no such file or directory"}
{"level":"info","ts":1592228345.3579955,"logger":"fallback-logger","caller":"git/git.go:103","msg":"Successfully cloned https://github.com/zeebe-io/zeebe-operate-helm.git @ v0.0.24 in path /workspace/source"}

Showing logs for build [32mzeebe-io-zeebe-operate-helm-mas-lgkzd-2[0m stage [32mfrom-build-pack[0m and container [32mstep-git-merge[0m
Using SHAs from PULL_REFS=master:79ac9be479a4a47b631f9f42d27b30bd38841a6e
WARNING: no SHAs to merge, falling back to initial cloned commit

Showing logs for build [32mzeebe-io-zeebe-operate-helm-mas-lgkzd-2[0m stage [32mfrom-build-pack[0m and container [32mstep-setup-jx-git-credentials[0m
Generated Git credentials file /builder/home/git/credentials

Showing logs for build [32mzeebe-io-zeebe-operate-helm-mas-lgkzd-2[0m stage [32mfrom-build-pack[0m and container [32mstep-build-basic-auth-username[0m
/builder/home/basic-auth-user.json

Showing logs for build [32mzeebe-io-zeebe-operate-helm-mas-lgkzd-2[0m stage [32mfrom-build-pack[0m and container [32mstep-build-basic-auth-password[0m
/builder/home/basic-auth-pass.json

Showing logs for build [32mzeebe-io-zeebe-operate-helm-mas-lgkzd-2[0m stage [32mfrom-build-pack[0m and container [32mstep-build-release[0m
rm -rf zeebe-operate/charts
rm -rf zeebe-operate/zeebe-operate*.tgz
rm -rf zeebe-operate/requirements.lock
helm init --client-only
Creating /builder/home/.helm 
Creating /builder/home/.helm/repository 
Creating /builder/home/.helm/repository/cache 
Creating /builder/home/.helm/repository/local 
Creating /builder/home/.helm/plugins 
Creating /builder/home/.helm/starters 
Creating /builder/home/.helm/cache/archive 
Creating /builder/home/.helm/repository/repositories.yaml 
Adding stable repo with URL: https://kubernetes-charts.storage.googleapis.com 
Adding local repo with URL: http://127.0.0.1:8879/charts 
$HELM_HOME has been configured at /builder/home/.helm.
Not installing Tiller due to 'client-only' flag having been set
Happy Helming!
helm repo add jenkins-x http://chartmuseum.jenkins-x.io
"jenkins-x" has been added to your repositories
#helm repo add releases http://jenkins-x-chartmuseum:8080
helm dependency build zeebe-operate
No requirements found in zeebe-operate/charts.
helm lint zeebe-operate
==> Linting zeebe-operate
Lint OK

1 chart(s) linted, no failures
sed -i -e "s/version:.*/version: 0.0.24/" zeebe-operate/Chart.yaml
helm package zeebe-operate
Successfully packaged chart and saved it to: /workspace/source/zeebe-operate-0.0.24.tgz
curl --fail -u *****:*********** --data-binary "@zeebe-operate-0.0.24.tgz" http://jenkins-x-chartmuseum:8080/api/charts
  % Total    % Received % Xferd  Average Speed   Time    Time     Time  Current
                                 Dload  Upload   Total   Spent    Left  Speed
{"saved":true}rm -rf zeebe-operate*.tgz
** step changelog  --verbose --version 0.0.24 
  0     0    0     0    0     0      0      0 --:--:-- --:--:-- --:--:--     0100  2919  100    14  100  2905   1365   276k --:--:-- --:--:-- --:--:--  283k
DEBUG: LC_ALL=C JX_LOG_LEVEL=error git rev-parse --is-shallow-repository
DEBUG: LC_ALL=C JX_LOG_LEVEL=error git fetch --unshallow
DEBUG: LC_ALL=C JX_LOG_LEVEL=error git fetch --tags
Converted /workspace/source to an unshallow repository
DEBUG: LC_ALL=C JX_LOG_LEVEL=error git for-each-ref --sort=-creatordate --format=%(objectname)%00%(refname:short) --count=2 refs/tags
DEBUG: LC_ALL=C JX_LOG_LEVEL=error git rev-list -n 1 b3f89bd495f17a5e730d96a37a0b53bfbb715dea
DEBUG: LC_ALL=C JX_LOG_LEVEL=error git for-each-ref --sort=-creatordate --format=%(objectname)%00%(refname:short) --count=1 refs/tags
DEBUG: LC_ALL=C JX_LOG_LEVEL=error git rev-list -n 1 6c66d297e0bf83e06ea086e74d277d6ded245ca6
DEBUG: Using helmBinary helm with feature flag: template-mode
Generating change log from git ref 0de4885cc737355a443f87d4f5ce0c58cee3fe29 => 21e495ce18d9ba4ce7465a9c384369c2f35543e4
DEBUG: Found commits:
DEBUG:   commit 79ac9be479a4a47b631f9f42d27b30bd38841a6e
DEBUG:   Author: ******* <*******@gmail.com>
DEBUG:   Date: Mon Jun 15 14:38:22 2020
DEBUG:       removing rev from changelog



WARNING: Failed to enrich commit 79ac9be479a4a47b631f9f42d27b30bd38841a6e with issues: selected more than one user from users.jenkins.io: [******* x-0]
WARNING: Failed to enrich commit 79ac9be479a4a47b631f9f42d27b30bd38841a6e with issues: selected more than one user from users.jenkins.io: [******* x-0]
Finding issues in commit messages using git format
DEBUG: Generated release notes:

## Changes

* removing rev from changelog

DEBUG: LC_ALL=C JX_LOG_LEVEL=error git tag --list 0.0.24
DEBUG: LC_ALL=C JX_LOG_LEVEL=error git tag --list v0.0.24
WARNING: No release found for zeebe-io/zeebe-operate-helm and tag v0.0.24 so creating a new release
Updated the release information at https://github.com/zeebe-io/zeebe-operate-helm/releases/tag/v0.0.24
DEBUG: Not adding dependency matrix /workspace/source/dependency-matrix/matrix.yaml as does not exist
generated: /workspace/source/zeebe-operate/templates/release.yaml
Created Release zeebe-operate-helm-0-0-24 resource in namespace **
Updating PipelineActivity zeebe-io-zeebe-operate-helm-master-2 with version 0.0.24
Updated PipelineActivities zeebe-io-zeebe-operate-helm-master-2 with release notes URL: https://github.com/zeebe-io/zeebe-operate-helm/releases/tag/v0.0.24

Showing logs for build [32mzeebe-io-zeebe-operate-helm-mas-lgkzd-2[0m stage [32mfrom-build-pack[0m and container [32mstep-promote-step6[0m
Using https://github.com/zeebe-io/zeebe-operate-helm as source for change discovered from git repo in /workspace/source
Updated Pull Request: https://github.com/zeebe-io/zeebe-full-helm/pull/72
Added label updatebot to Pull Request https://github.com/zeebe-io/zeebe-full-helm/pull/72
