
Showing logs for build [32mzeebe-io-zeebe-operate-helm-mas-82bhs-4[0m stage [32mfrom-build-pack[0m and container [32mcredential-initializer[0m
{"level":"info","ts":1596196024.2627866,"caller":"creds-init/main.go:44","msg":"Credentials initialized."}

Showing logs for build [32mzeebe-io-zeebe-operate-helm-mas-82bhs-4[0m stage [32mfrom-build-pack[0m and container [32mworking-dir-initializer[0m

Showing logs for build [32mzeebe-io-zeebe-operate-helm-mas-82bhs-4[0m stage [32mfrom-build-pack[0m and container [32mplace-tools[0m

Showing logs for build [32mzeebe-io-zeebe-operate-helm-mas-82bhs-4[0m stage [32mfrom-build-pack[0m and container [32mstep-git-source-zeebe-io-zeebe-operate-helm-mas-82bhs-6wgq8[0m
{"level":"info","ts":1596196033.9830227,"caller":"git/git.go:105","msg":"Successfully cloned https://github.com/zeebe-io/zeebe-operate-helm.git @ v0.0.26 in path /workspace/source"}
{"level":"warn","ts":1596196033.9853024,"caller":"git/git.go:152","msg":"Unexpected error: creating symlink: symlink /tekton/home/.ssh /root/.ssh: file exists"}
{"level":"info","ts":1596196034.0853455,"caller":"git/git.go:133","msg":"Successfully initialized and updated submodules in path /workspace/source"}

Showing logs for build [32mzeebe-io-zeebe-operate-helm-mas-82bhs-4[0m stage [32mfrom-build-pack[0m and container [32mstep-setup-builder-home[0m

Showing logs for build [32mzeebe-io-zeebe-operate-helm-mas-82bhs-4[0m stage [32mfrom-build-pack[0m and container [32mstep-git-merge[0m
Using SHAs from PULL_REFS=master:eca27d14e7bc52051f43f435d122e7d332466cc8
WARNING: no SHAs to merge, falling back to initial cloned commit

Showing logs for build [32mzeebe-io-zeebe-operate-helm-mas-82bhs-4[0m stage [32mfrom-build-pack[0m and container [32mstep-setup-jx-git-credentials[0m
Generated Git credentials file /tekton/home/git/credentials

Showing logs for build [32mzeebe-io-zeebe-operate-helm-mas-82bhs-4[0m stage [32mfrom-build-pack[0m and container [32mstep-build-basic-auth-username[0m
/tekton/home/basic-auth-user.json

Showing logs for build [32mzeebe-io-zeebe-operate-helm-mas-82bhs-4[0m stage [32mfrom-build-pack[0m and container [32mstep-build-basic-auth-password[0m
/tekton/home/basic-auth-pass.json

Showing logs for build [32mzeebe-io-zeebe-operate-helm-mas-82bhs-4[0m stage [32mfrom-build-pack[0m and container [32mstep-build-release[0m
rm -rf zeebe-operate/charts
rm -rf zeebe-operate/zeebe-operate*.tgz
rm -rf zeebe-operate/requirements.lock
helm init --client-only
Creating /tekton/home/.helm 
Creating /tekton/home/.helm/repository 
Creating /tekton/home/.helm/repository/cache 
Creating /tekton/home/.helm/repository/local 
Creating /tekton/home/.helm/plugins 
Creating /tekton/home/.helm/starters 
Creating /tekton/home/.helm/cache/archive 
Creating /tekton/home/.helm/repository/repositories.yaml 
Adding stable repo with URL: https://kubernetes-charts.storage.googleapis.com 
Adding local repo with URL: http://127.0.0.1:8879/charts 
$HELM_HOME has been configured at /tekton/home/.helm.
Not installing Tiller due to 'client-only' flag having been set
Happy Helming!
helm repo add jenkins-x http://chartmuseum.jenkins-x.io
"jenkins-x" has been added to your repositories
#helm repo add releases http://jenkins-x-chartmuseum:8080
helm dependency build zeebe-operate
No requirements found in zeebe-operate/charts.
helm lint zeebe-operate
==> Linting zeebe-operate
Lint OK

1 chart(s) linted, no failures
sed -i -e "s/version:.*/version: 0.0.26/" zeebe-operate/Chart.yaml
helm package zeebe-operate
Successfully packaged chart and saved it to: /workspace/source/zeebe-operate-0.0.26.tgz
curl --fail -u *****:*********** --data-binary "@zeebe-operate-0.0.26.tgz" http://jenkins-x-chartmuseum:8080/api/charts
  % Total    % Received % Xferd  Average Speed   Time    Time     Time  Current
                                 Dload  Upload   Total   Spent    Left  Speed
{"saved":true}rm -rf zeebe-operate*.tgz
** step changelog  --verbose --version 0.0.26 
  0     0    0     0    0     0      0      0 --:--:-- --:--:-- --:--:--     0100  2914  100    14  100  2900   1437   290k --:--:-- --:--:-- --:--:--  314k
DEBUG: LC_ALL=C JX_LOG_LEVEL=error git rev-parse --is-shallow-repository
DEBUG: LC_ALL=C JX_LOG_LEVEL=error git fetch --unshallow
DEBUG: LC_ALL=C JX_LOG_LEVEL=error git fetch --tags
Converted /workspace/source to an unshallow repository
DEBUG: LC_ALL=C JX_LOG_LEVEL=error git for-each-ref --sort=-creatordate --format=%(objectname)%00%(refname:short) --count=2 refs/tags
DEBUG: JX_LOG_LEVEL=error LC_ALL=C git rev-list -n 1 4e846eab61020b6055a1a3a230dd85287cb64fcf
DEBUG: JX_LOG_LEVEL=error LC_ALL=C git for-each-ref --sort=-creatordate --format=%(objectname)%00%(refname:short) --count=1 refs/tags
DEBUG: LC_ALL=C JX_LOG_LEVEL=error git rev-list -n 1 7ef9ceaa49d8636e15350054c263bc6085e5dec5
DEBUG: Using helmBinary helm with feature flag: template-mode
Generating change log from git ref b2e9f87d7a168738a04f3fdefe48ff31b0f93c1f => 55d2a679abff61ea77f4080d7125849a1e36b3a5
DEBUG: Found commits:
DEBUG:   commit eca27d14e7bc52051f43f435d122e7d332466cc8
DEBUG:   Author: ******* <*******@gmail.com>
DEBUG:   Date: Fri Jul 31 12:46:23 2020
DEBUG:       fixing tekton path



Associating user ******* in users.jenkins.io with email *******@gmail.com to git GitProvider user with login *******-0 as emails match
Adding label jenkins.io/git-github-userid=*******-0 to user ******* in users.jenkins.io
Associating user ******* in users.jenkins.io with email *******@gmail.com to git GitProvider user with login *******-0 as emails match
Adding label jenkins.io/git-github-userid=*******-0 to user ******* in users.jenkins.io
Finding issues in commit messages using git format
DEBUG: Generated release notes:

## Changes

* fixing tekton path ([*******](https://github.com/*******))

DEBUG: LC_ALL=C JX_LOG_LEVEL=error git tag --list 0.0.26
DEBUG: LC_ALL=C JX_LOG_LEVEL=error git tag --list v0.0.26
WARNING: No release found for zeebe-io/zeebe-operate-helm and tag v0.0.26 so creating a new release
Updated the release information at https://github.com/zeebe-io/zeebe-operate-helm/releases/tag/v0.0.26
DEBUG: Not adding dependency matrix /workspace/source/dependency-matrix/matrix.yaml as does not exist
generated: /workspace/source/zeebe-operate/templates/release.yaml
Created Release zeebe-operate-helm-0-0-26 resource in namespace **
Updating PipelineActivity zeebe-io-zeebe-operate-helm-master-4 with version 0.0.26
Updated PipelineActivities zeebe-io-zeebe-operate-helm-master-4 with release notes URL: https://github.com/zeebe-io/zeebe-operate-helm/releases/tag/v0.0.26

Showing logs for build [32mzeebe-io-zeebe-operate-helm-mas-82bhs-4[0m stage [32mfrom-build-pack[0m and container [32mstep-promote-step6[0m
Using https://github.com/zeebe-io/zeebe-operate-helm as source for change discovered from git repo in /workspace/source
Updated Pull Request: https://github.com/zeebe-io/zeebe-full-helm/pull/83
Added label updatebot to Pull Request https://github.com/zeebe-io/zeebe-full-helm/pull/83
