
Showing logs for build [32mzeebe-io-zeebe-operate-helm-mas-c6c44-6[0m stage [32mfrom-build-pack[0m and container [32mcredential-initializer[0m
{"level":"info","ts":1599213867.9958878,"caller":"creds-init/main.go:44","msg":"Credentials initialized."}

Showing logs for build [32mzeebe-io-zeebe-operate-helm-mas-c6c44-6[0m stage [32mfrom-build-pack[0m and container [32mworking-dir-initializer[0m

Showing logs for build [32mzeebe-io-zeebe-operate-helm-mas-c6c44-6[0m stage [32mfrom-build-pack[0m and container [32mplace-tools[0m

Showing logs for build [32mzeebe-io-zeebe-operate-helm-mas-c6c44-6[0m stage [32mfrom-build-pack[0m and container [32mstep-git-source-zeebe-io-zeebe-operate-helm-mas-c6c44-n8q2z[0m
{"level":"info","ts":1599213907.2192576,"caller":"git/git.go:105","msg":"Successfully cloned https://github.com/zeebe-io/zeebe-operate-helm.git @ v0.0.28 in path /workspace/source"}
{"level":"warn","ts":1599213907.219588,"caller":"git/git.go:152","msg":"Unexpected error: creating symlink: symlink /tekton/home/.ssh /root/.ssh: file exists"}
{"level":"info","ts":1599213907.2537189,"caller":"git/git.go:133","msg":"Successfully initialized and updated submodules in path /workspace/source"}

Showing logs for build [32mzeebe-io-zeebe-operate-helm-mas-c6c44-6[0m stage [32mfrom-build-pack[0m and container [32mstep-setup-builder-home[0m

Showing logs for build [32mzeebe-io-zeebe-operate-helm-mas-c6c44-6[0m stage [32mfrom-build-pack[0m and container [32mstep-git-merge[0m
Using SHAs from PULL_REFS=master:6b80a199484943514bf1dba0f554bbb145814a36
WARNING: no SHAs to merge, falling back to initial cloned commit

Showing logs for build [32mzeebe-io-zeebe-operate-helm-mas-c6c44-6[0m stage [32mfrom-build-pack[0m and container [32mstep-setup-jx-git-credentials[0m
Generated Git credentials file /tekton/home/git/credentials

Showing logs for build [32mzeebe-io-zeebe-operate-helm-mas-c6c44-6[0m stage [32mfrom-build-pack[0m and container [32mstep-build-basic-auth-username[0m
/tekton/home/basic-auth-user.json

Showing logs for build [32mzeebe-io-zeebe-operate-helm-mas-c6c44-6[0m stage [32mfrom-build-pack[0m and container [32mstep-build-basic-auth-password[0m
/tekton/home/basic-auth-pass.json

Showing logs for build [32mzeebe-io-zeebe-operate-helm-mas-c6c44-6[0m stage [32mfrom-build-pack[0m and container [32mstep-build-release[0m
rm -rf zeebe-operate/charts
rm -rf zeebe-operate/zeebe-operate*.tgz
rm -rf zeebe-operate/requirements.lock
helm init --client-only
Creating /tekton/home/.helm 
Creating /tekton/home/.helm/repository 
Creating /tekton/home/.helm/repository/cache 
Creating /tekton/home/.helm/repository/local 
Creating /tekton/home/.helm/plugins 
Creating /tekton/home/.helm/starters 
Creating /tekton/home/.helm/cache/archive 
Creating /tekton/home/.helm/repository/repositories.yaml 
Adding stable repo with URL: https://kubernetes-charts.storage.googleapis.com 
Adding local repo with URL: http://127.0.0.1:8879/charts 
$HELM_HOME has been configured at /tekton/home/.helm.
Not installing Tiller due to 'client-only' flag having been set
Happy Helming!
helm repo add jenkins-x http://chartmuseum.jenkins-x.io
"jenkins-x" has been added to your repositories
#helm repo add releases http://jenkins-x-chartmuseum:8080
helm dependency build zeebe-operate
No requirements found in zeebe-operate/charts.
helm lint zeebe-operate
==> Linting zeebe-operate
Lint OK

1 chart(s) linted, no failures
sed -i -e "s/version:.*/version: 0.0.28/" zeebe-operate/Chart.yaml
helm package zeebe-operate
Successfully packaged chart and saved it to: /workspace/source/zeebe-operate-0.0.28.tgz
curl --fail -u *****:*********** --data-binary "@zeebe-operate-0.0.28.tgz" http://jenkins-x-chartmuseum:8080/api/charts
  % Total    % Received % Xferd  Average Speed   Time    Time     Time  Current
                                 Dload  Upload   Total   Spent    Left  Speed
  0     0    0     0    0     0      0      0 --:--:-- --:--:-- --:--:--     0100  2916  100    14  100  2902    344  71491 --:--:-- --:--:-- --:--:-- 72550
{"saved":true}rm -rf zeebe-operate*.tgz
** step changelog  --verbose --version 0.0.28 
DEBUG: LC_ALL=C JX_LOG_LEVEL=error git rev-parse --is-shallow-repository
DEBUG: LC_ALL=C JX_LOG_LEVEL=error git fetch --unshallow
DEBUG: LC_ALL=C JX_LOG_LEVEL=error git fetch --tags
Converted /workspace/source to an unshallow repository
DEBUG: LC_ALL=C JX_LOG_LEVEL=error git for-each-ref --sort=-creatordate --format=%(objectname)%00%(refname:short) --count=2 refs/tags
DEBUG: LC_ALL=C JX_LOG_LEVEL=error git rev-list -n 1 2b938cf313d3305647c6b11e86c0b3b4d4680d2a
DEBUG: JX_LOG_LEVEL=error LC_ALL=C git for-each-ref --sort=-creatordate --format=%(objectname)%00%(refname:short) --count=1 refs/tags
DEBUG: LC_ALL=C JX_LOG_LEVEL=error git rev-list -n 1 9d64deaca7a9e0ff6db63f8d8d2d43405e4de299
DEBUG: Using helmBinary helm with feature flag: template-mode
Generating change log from git ref fa36a1119db24328a6a9142f4efe535609dd467d => 7fc267a98d272af35a2d4cb9c8a0a20af53d124f
DEBUG: Found commits:
DEBUG:   commit 6b80a199484943514bf1dba0f554bbb145814a36
DEBUG:   Author: ******* <Salaboy@gmail.com>
DEBUG:   Date: Fri Sep  4 11:00:35 2020
DEBUG:       Create CONTRIBUTING.md


Associating user *******-0 in users.jenkins.io with email Salaboy@gmail.com to git GitProvider user with login *******-1 as emails match
Adding label jenkins.io/git-github-userid=*******-1 to user *******-0 in users.jenkins.io
Associating user github in users.jenkins.io with email noreply@github.com to git GitProvider user with login github-0 as emails match
Adding label jenkins.io/git-github-userid=github-0 to user github in users.jenkins.io
Finding issues in commit messages using git format
DEBUG: Generated release notes:

## Changes

* Create CONTRIBUTING.md (*******)

DEBUG: LC_ALL=C JX_LOG_LEVEL=error git tag --list 0.0.28
DEBUG: JX_LOG_LEVEL=error LC_ALL=C git tag --list v0.0.28
WARNING: No release found for zeebe-io/zeebe-operate-helm and tag v0.0.28 so creating a new release
Updated the release information at https://github.com/zeebe-io/zeebe-operate-helm/releases/tag/v0.0.28
DEBUG: Not adding dependency matrix /workspace/source/dependency-matrix/matrix.yaml as does not exist
generated: /workspace/source/zeebe-operate/templates/release.yaml
Created Release zeebe-operate-helm-0-0-28 resource in namespace **
Updating PipelineActivity zeebe-io-zeebe-operate-helm-master-6 with version 0.0.28
Updated PipelineActivities zeebe-io-zeebe-operate-helm-master-6 with release notes URL: https://github.com/zeebe-io/zeebe-operate-helm/releases/tag/v0.0.28

Showing logs for build [32mzeebe-io-zeebe-operate-helm-mas-c6c44-6[0m stage [32mfrom-build-pack[0m and container [32mstep-promote-step6[0m
Using https://github.com/zeebe-io/zeebe-operate-helm as source for change discovered from git repo in /workspace/source
Updated Pull Request: https://github.com/zeebe-io/zeebe-full-helm/pull/86
Added label updatebot to Pull Request https://github.com/zeebe-io/zeebe-full-helm/pull/86
